Performing C SOURCE FILE Test CMAKE_HAVE_LIBC_PTHREAD failed with the following output:
Change Dir: /home/ahmetb/r_ws/build/CMakeFiles/CMakeTmp

Run Build Command(s):/usr/bin/make cmTC_15837/fast && /usr/bin/make -f CMakeFiles/cmTC_15837.dir/build.make CMakeFiles/cmTC_15837.dir/build
make[1]: Entering directory '/home/ahmetb/r_ws/build/CMakeFiles/CMakeTmp'
Building C object CMakeFiles/cmTC_15837.dir/src.c.o
/usr/bin/cc   -DCMAKE_HAVE_LIBC_PTHREAD   -o CMakeFiles/cmTC_15837.dir/src.c.o   -c /home/ahmetb/r_ws/build/CMakeFiles/CMakeTmp/src.c
Linking C executable cmTC_15837
/usr/local/bin/cmake -E cmake_link_script CMakeFiles/cmTC_15837.dir/link.txt --verbose=1
/usr/bin/cc  -DCMAKE_HAVE_LIBC_PTHREAD    -rdynamic CMakeFiles/cmTC_15837.dir/src.c.o  -o cmTC_15837 
CMakeFiles/cmTC_15837.dir/src.c.o: In function `main':
src.c:(.text+0x3e): undefined reference to `pthread_create'
src.c:(.text+0x4a): undefined reference to `pthread_detach'
src.c:(.text+0x5b): undefined reference to `pthread_join'
src.c:(.text+0x6f): undefined reference to `pthread_atfork'
collect2: error: ld returned 1 exit status
CMakeFiles/cmTC_15837.dir/build.make:86: recipe for target 'cmTC_15837' failed
make[1]: *** [cmTC_15837] Error 1
make[1]: Leaving directory '/home/ahmetb/r_ws/build/CMakeFiles/CMakeTmp'
Makefile:121: recipe for target 'cmTC_15837/fast' failed
make: *** [cmTC_15837/fast] Error 2


Source file was:
#include <pthread.h>

void* test_func(void* data)
{
  return data;
}

int main(void)
{
  pthread_t thread;
  pthread_create(&thread, NULL, test_func, NULL);
  pthread_detach(thread);
  pthread_join(thread, NULL);
  pthread_atfork(NULL, NULL, NULL);
  pthread_exit(NULL);

  return 0;
}

Determining if the function pthread_create exists in the pthreads failed with the following output:
Change Dir: /home/ahmetb/r_ws/build/CMakeFiles/CMakeTmp

Run Build Command(s):/usr/bin/make cmTC_6528a/fast && /usr/bin/make -f CMakeFiles/cmTC_6528a.dir/build.make CMakeFiles/cmTC_6528a.dir/build
make[1]: Entering directory '/home/ahmetb/r_ws/build/CMakeFiles/CMakeTmp'
Building C object CMakeFiles/cmTC_6528a.dir/CheckFunctionExists.c.o
/usr/bin/cc   -DCHECK_FUNCTION_EXISTS=pthread_create   -o CMakeFiles/cmTC_6528a.dir/CheckFunctionExists.c.o   -c /usr/local/share/cmake-3.15/Modules/CheckFunctionExists.c
Linking C executable cmTC_6528a
/usr/local/bin/cmake -E cmake_link_script CMakeFiles/cmTC_6528a.dir/link.txt --verbose=1
/usr/bin/cc  -DCHECK_FUNCTION_EXISTS=pthread_create    -rdynamic CMakeFiles/cmTC_6528a.dir/CheckFunctionExists.c.o  -o cmTC_6528a -lpthreads 
/usr/bin/ld: cannot find -lpthreads
collect2: error: ld returned 1 exit status
CMakeFiles/cmTC_6528a.dir/build.make:86: recipe for target 'cmTC_6528a' failed
make[1]: *** [cmTC_6528a] Error 1
make[1]: Leaving directory '/home/ahmetb/r_ws/build/CMakeFiles/CMakeTmp'
Makefile:121: recipe for target 'cmTC_6528a/fast' failed
make: *** [cmTC_6528a/fast] Error 2



